<?xml version="1.0" encoding="UTF-8"?>
<!-- Generated by org.testng.reporters.JUnitXMLReporter -->
<testsuite ignored="0" hostname="ITA002" failures="2" tests="7" name="MyTest" time="9.796" errors="0" timestamp="2024-08-08T16:45:41 IST">
  <testcase classname="testNG.FirstTestCase" name="setup" time="0.024"/>
  <testcase classname="testNG.FirstTestCase" name="Login" time="0.003"/>
  <testcase classname="testNG.FirstTestCase" name="Logout" time="0.002"/>
  <testcase classname="testNG.OrangeHRMApp" name="Close" time="2.016">
    <failure type="java.lang.NullPointerException" message="Cannot invoke &amp;quot;org.openqa.selenium.WebDriver.findElement(org.openqa.selenium.By)&amp;quot; because &amp;quot;this.driver&amp;quot; is null">
      <![CDATA[java.lang.NullPointerException: Cannot invoke "org.openqa.selenium.WebDriver.findElement(org.openqa.selenium.By)" because "this.driver" is null
at testNG.OrangeHRMApp.Close(OrangeHRMApp.java:53)
at java.base/java.util.ArrayList.forEach(ArrayList.java:1511)
... Removed 27 stack frames]]>
    </failure>
  </testcase> <!-- Close -->
  <testcase classname="testNG.OrangeHRMApp" name="Login" time="0.001">
    <failure type="java.lang.NullPointerException" message="Cannot invoke &amp;quot;org.openqa.selenium.WebDriver.findElement(org.openqa.selenium.By)&amp;quot; because &amp;quot;this.driver&amp;quot; is null">
      <![CDATA[java.lang.NullPointerException: Cannot invoke "org.openqa.selenium.WebDriver.findElement(org.openqa.selenium.By)" because "this.driver" is null
at testNG.OrangeHRMApp.Login(OrangeHRMApp.java:44)
at java.base/java.util.ArrayList.forEach(ArrayList.java:1511)
... Removed 27 stack frames]]>
    </failure>
  </testcase> <!-- Login -->
  <testcase classname="testNG.OrangeHRMApp" name="OpenApp" time="4.553"/>
  <testcase classname="testNG.OrangeHRMApp" name="validateLogo" time="3.095"/>
</testsuite> <!-- MyTest -->
