<?xml version="1.0" encoding="UTF-8"?>
<!-- Generated by org.testng.reporters.JUnitXMLReporter -->
<testsuite ignored="5" hostname="ITA002" failures="0" tests="3" name="groupingtest" time="0.055" errors="0" timestamp="2024-08-11T22:36:46 IST">
  <testcase classname="testNG_Grouping.loginTest" name="loginByEmail" time="0.01"/>
  <testcase classname="testNG_Grouping.loginTest" name="loginByFaceook" time="0.002"/>
  <testcase classname="testNG_Grouping.loginTest" name="loginByTwitter" time="0.001"/>
  <testcase classname="testNG_Grouping.PaymentTest" name="paymentInRupees" time="0.0">
    <ignored/>
  </testcase> <!-- paymentInRupees -->
  <testcase classname="testNG_Grouping.SignUpTest" name="signUpByEmail" time="0.0">
    <ignored/>
  </testcase> <!-- signUpByEmail -->
  <testcase classname="testNG_Grouping.SignUpTest" name="signUpByTwitter" time="0.0">
    <ignored/>
  </testcase> <!-- signUpByTwitter -->
  <testcase classname="testNG_Grouping.SignUpTest" name="signUpByFacebook" time="0.0">
    <ignored/>
  </testcase> <!-- signUpByFacebook -->
  <testcase classname="testNG_Grouping.PaymentTest" name="paymentInDollers" time="0.0">
    <ignored/>
  </testcase> <!-- paymentInDollers -->
</testsuite> <!-- groupingtest -->
